[debug] [2024-01-18T07:32:21.613Z] ----------------------------------------------------------------------
[debug] [2024-01-18T07:32:21.616Z] Command:       C:\Program Files\nodejs\node.exe C:\Users\MANISHA\AppData\Roaming\npm\node_modules\firebase-tools\lib\bin\firebase.js init
[debug] [2024-01-18T07:32:21.617Z] CLI Version:   13.0.3
[debug] [2024-01-18T07:32:21.618Z] Platform:      win32
[debug] [2024-01-18T07:32:21.618Z] Node Version:  v18.17.1
[debug] [2024-01-18T07:32:21.619Z] Time:          Thu Jan 18 2024 13:02:21 GMT+0530 (India Standard Time)
[debug] [2024-01-18T07:32:21.619Z] ----------------------------------------------------------------------
[debug] 
[debug] [2024-01-18T07:32:21.626Z] > command requires scopes: ["email","openid","https://www.googleapis.com/auth/cloudplatformprojects.readonly","https://www.googleapis.com/auth/firebase","https://www.googleapis.com/auth/cloud-platform"]
[debug] [2024-01-18T07:32:21.626Z] > authorizing via signed-in user (kanojia.manisha1511@gmail.com)
[info] 
     ######## #### ########  ######## ########     ###     ######  ########
     ##        ##  ##     ## ##       ##     ##  ##   ##  ##       ##
     ######    ##  ########  ######   ########  #########  ######  ######
     ##        ##  ##    ##  ##       ##     ## ##     ##       ## ##
     ##       #### ##     ## ######## ########  ##     ##  ######  ########

You're about to initialize a Firebase project in this directory:

  D:\javascript\firebasetutorial

[info] 
=== Project Setup
[info] 
[info] First, let's associate this project directory with a Firebase project.
[info] You can create multiple project aliases by running firebase use --add, 
[info] but for now we'll just set up a default project.
[info] 
[debug] [2024-01-18T07:34:10.194Z] >>> [apiv2][query] GET https://firebase.googleapis.com/v1beta1/projects pageSize=100
[debug] [2024-01-18T07:34:12.331Z] <<< [apiv2][status] GET https://firebase.googleapis.com/v1beta1/projects 200
[debug] [2024-01-18T07:34:12.331Z] <<< [apiv2][body] GET https://firebase.googleapis.com/v1beta1/projects [omitted]
[info] i  Using project fir-course-e49e9 (Firebase-course) 
[info] 
=== Hosting Setup
[debug] [2024-01-18T07:34:45.415Z] >>> [apiv2][query] GET https://firebase.googleapis.com/v1beta1/projects/fir-course-e49e9 [none]
[debug] [2024-01-18T07:34:51.738Z] <<< [apiv2][status] GET https://firebase.googleapis.com/v1beta1/projects/fir-course-e49e9 200
[debug] [2024-01-18T07:34:51.739Z] <<< [apiv2][body] GET https://firebase.googleapis.com/v1beta1/projects/fir-course-e49e9 {"projectId":"fir-course-e49e9","projectNumber":"616073819042","displayName":"Firebase-course","name":"projects/fir-course-e49e9","resources":{"hostingSite":"fir-course-e49e9","storageBucket":"fir-course-e49e9.appspot.com","locationId":"asia-south1"},"state":"ACTIVE","etag":"1_10bc8c3e-337f-4ad0-b14d-a55f635f9c2b"}
[info] 
[info] Your public directory is the folder (relative to your project directory) that
[info] will contain Hosting assets to be uploaded with firebase deploy. If you
[info] have a build process for your assets, use your build's output directory.
[info] 
[info] +  Wrote public/404.html 
[debug] [2024-01-18T07:36:31.098Z] >>> [apiv2][query] GET https://www.gstatic.com/firebasejs/releases.json [none]
[debug] [2024-01-18T07:36:32.805Z] <<< [apiv2][status] GET https://www.gstatic.com/firebasejs/releases.json 200
[debug] [2024-01-18T07:36:32.806Z] <<< [apiv2][body] GET https://www.gstatic.com/firebasejs/releases.json {"current":{"version":"10.7.1","browserURL":"https://www.gstatic.com/firebasejs/10.7.1/firebase.js","packageURL":"https://www.gstatic.com/firebasejs/10.7.1/firebase.tgz"},"live":{"version":"10.7","browserURL":"https://www.gstatic.com/firebasejs/live/10.7/firebase.js","packageURL":"https://www.gstatic.com/firebasejs/live/10.7/firebase.tgz"},"components":{"analytics":"https://www.gstatic.com/firebasejs/10.7.1/firebase-analytics.js","app":"https://www.gstatic.com/firebasejs/10.7.1/firebase-app.js","app-check":"https://www.gstatic.com/firebasejs/10.7.1/firebase-app-check.js","auth":"https://www.gstatic.com/firebasejs/10.7.1/firebase-auth.js","auth/cordova":"https://www.gstatic.com/firebasejs/10.7.1/firebase-auth/cordova.js","functions":"https://www.gstatic.com/firebasejs/10.7.1/firebase-functions.js","firestore":"https://www.gstatic.com/firebasejs/10.7.1/firebase-firestore.js","firestore/lite":"https://www.gstatic.com/firebasejs/10.7.1/firebase-firestore/lite.js","installations":"https://www.gstatic.com/firebasejs/10.7.1/firebase-installations.js","storage":"https://www.gstatic.com/firebasejs/10.7.1/firebase-storage.js","performance":"https://www.gstatic.com/firebasejs/10.7.1/firebase-performance.js","remote-config":"https://www.gstatic.com/firebasejs/10.7.1/firebase-remote-config.js","messaging":"https://www.gstatic.com/firebasejs/10.7.1/firebase-messaging.js","messaging/sw":"https://www.gstatic.com/firebasejs/10.7.1/firebase-messaging/sw.js","database":"https://www.gstatic.com/firebasejs/10.7.1/firebase-database.js","firestore.memory":"https://www.gstatic.com/firebasejs/10.7.1/firebase-firestore.memory.js"}}
[info] i  Skipping write of public/index.html 
[info] 
[info] i  Detected a .git folder at D:\javascript\firebasetutorial 
[info] i  Authorizing with GitHub to upload your service account to a GitHub repository's secrets store. 
[info] 
[info] Visit this URL on this device to log in:
[info] https://github.com/login/oauth/authorize?client_id=89cf50f02ac6aaed3484&state=914787465&redirect_uri=http%3A%2F%2Flocalhost%3A9005&scope=read%3Auser%20repo%20public_repo
[info] 
[info] Waiting for authentication...
[debug] [2024-01-18T07:37:23.075Z] >>> [apiv2][query] POST https://github.com/login/oauth/access_token [none]
[debug] [2024-01-18T07:37:23.075Z] >>> [apiv2][body] POST https://github.com/login/oauth/access_token [stream]
[debug] [2024-01-18T07:37:24.305Z] <<< [apiv2][status] POST https://github.com/login/oauth/access_token 200
[debug] [2024-01-18T07:37:24.305Z] <<< [apiv2][body] POST https://github.com/login/oauth/access_token {"access_token":"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","token_type":"bearer","scope":"read:user,repo"}
[debug] [2024-01-18T07:37:24.320Z] >>> [apiv2][query] GET https://api.github.com/user [none]
[debug] [2024-01-18T07:37:25.000Z] <<< [apiv2][status] GET https://api.github.com/user 200
[debug] [2024-01-18T07:37:25.000Z] <<< [apiv2][body] GET https://api.github.com/user {"login":"kanojiamanisha15","id":155531307,"node_id":"U_kgDOCUU4Kw","avatar_url":"https://avatars.githubusercontent.com/u/155531307?v=4","gravatar_id":"","url":"https://api.github.com/users/kanojiamanisha15","html_url":"https://github.com/kanojiamanisha15","followers_url":"https://api.github.com/users/kanojiamanisha15/followers","following_url":"https://api.github.com/users/kanojiamanisha15/following{/other_user}","gists_url":"https://api.github.com/users/kanojiamanisha15/gists{/gist_id}","starred_url":"https://api.github.com/users/kanojiamanisha15/starred{/owner}{/repo}","subscriptions_url":"https://api.github.com/users/kanojiamanisha15/subscriptions","organizations_url":"https://api.github.com/users/kanojiamanisha15/orgs","repos_url":"https://api.github.com/users/kanojiamanisha15/repos","events_url":"https://api.github.com/users/kanojiamanisha15/events{/privacy}","received_events_url":"https://api.github.com/users/kanojiamanisha15/received_events","type":"User","site_admin":false,"name":null,"company":null,"blog":"","location":null,"email":null,"hireable":null,"bio":null,"twitter_username":null,"public_repos":3,"public_gists":0,"followers":0,"following":0,"created_at":"2024-01-03T09:26:25Z","updated_at":"2024-01-07T10:56:42Z","private_gists":0,"total_private_repos":2,"owned_private_repos":2,"disk_usage":84762,"collaborators":0,"two_factor_authentication":false,"plan":{"name":"free","space":976562499,"collaborators":0,"private_repos":10000}}
[info] 
[info] +  Success! Logged into GitHub as kanojiamanisha15 
[info] 
[debug] [2024-01-18T07:40:03.681Z] >>> [apiv2][query] GET https://api.github.com/repos//actions/secrets/public-key type=owner
[debug] [2024-01-18T07:40:04.569Z] <<< [apiv2][status] GET https://api.github.com/repos//actions/secrets/public-key 404
[debug] [2024-01-18T07:40:04.569Z] <<< [apiv2][body] GET https://api.github.com/repos//actions/secrets/public-key {"message":"Not Found","documentation_url":"https://docs.github.com/rest"}
[info] 
[info] 
[error] !  The provided authorization cannot be used with this repository. If this repository is in an organization, did you remember to grant access? 
[info] 
[info] i  Action required: Visit this URL to ensure access has been granted to the appropriate organization(s) for the Firebase CLI GitHub OAuth App: 
[info] https://github.com/settings/connections/applications/89cf50f02ac6aaed3484
[info] 
[debug] [2024-01-18T07:40:09.862Z] >>> [apiv2][query] GET https://api.github.com/repos/y/actions/secrets/public-key type=owner
[debug] [2024-01-18T07:40:10.510Z] <<< [apiv2][status] GET https://api.github.com/repos/y/actions/secrets/public-key 404
[debug] [2024-01-18T07:40:10.510Z] <<< [apiv2][body] GET https://api.github.com/repos/y/actions/secrets/public-key {"message":"Not Found","documentation_url":"https://docs.github.com/rest"}
[info] 
[info] 
[error] !  The provided authorization cannot be used with this repository. If this repository is in an organization, did you remember to grant access? 
[info] 
[info] i  Action required: Visit this URL to ensure access has been granted to the appropriate organization(s) for the Firebase CLI GitHub OAuth App: 
[info] https://github.com/settings/connections/applications/89cf50f02ac6aaed3484
[info] 
[debug] [2024-01-18T07:40:22.710Z] >>> [apiv2][query] GET https://api.github.com/repos/git init/actions/secrets/public-key type=owner
[debug] [2024-01-18T07:40:25.356Z] <<< [apiv2][status] GET https://api.github.com/repos/git init/actions/secrets/public-key 404
[debug] [2024-01-18T07:40:25.356Z] <<< [apiv2][body] GET https://api.github.com/repos/git init/actions/secrets/public-key {"message":"Not Found","documentation_url":"https://docs.github.com/rest"}
[info] 
[info] 
[error] !  The provided authorization cannot be used with this repository. If this repository is in an organization, did you remember to grant access? 
[info] 
[info] i  Action required: Visit this URL to ensure access has been granted to the appropriate organization(s) for the Firebase CLI GitHub OAuth App: 
[info] https://github.com/settings/connections/applications/89cf50f02ac6aaed3484
[info] 
